<?xml version="1.0" encoding="UTF-8"?>
<!-- Generated by org.testng.reporters.JUnitReportReporter -->
<testsuite hostname="DESKTOP-L12O5CF" failures="0" tests="1" name="testClasses.SampleApp" time="8.145" errors="0" timestamp="2023-01-20T17:04:46 CET" skipped="0">
  <testcase classname="testClasses.SampleApp" name="sampleApp" time="8.145"/>
  <system-out/>
</testsuite> <!-- testClasses.SampleApp -->
