<?xml version="1.0" encoding="UTF-8"?>
<!-- Generated by org.testng.reporters.JUnitReportReporter -->
<testsuite hostname="DESKTOP-L12O5CF" failures="0" tests="1" name="testClasses.TextInput" time="7.848" errors="0" timestamp="2023-01-20T17:01:55 CET" skipped="0">
  <testcase classname="testClasses.TextInput" name="textInput" time="7.848"/>
  <system-out/>
</testsuite> <!-- testClasses.TextInput -->
