<?xml version="1.0" encoding="UTF-8"?>
<!-- Generated by org.testng.reporters.JUnitReportReporter -->
<testsuite hostname="DESKTOP-L12O5CF" failures="0" tests="1" name="testClasses.ClassAttribute" time="11.447" errors="0" timestamp="2023-01-20T17:18:40 CET" skipped="0">
  <testcase classname="testClasses.ClassAttribute" name="classAttribute" time="11.447"/>
  <system-out/>
</testsuite> <!-- testClasses.ClassAttribute -->
